CRITICAL - 2023-05-23 21:00:41 --> Constant FILTER_SANITIZE_STRING is deprecated
#0 D:\laragon\www\project-lara\ci4_pengaduan\vendor\codeigniter4\framework\system\HTTP\CLIRequest.php(205): CodeIgniter\Debug\Exceptions->errorHandler(8192, 'Constant FILTER...', 'D:\\laragon\\www\\...', 205)
#1 D:\laragon\www\project-lara\ci4_pengaduan\vendor\codeigniter4\framework\system\HTTP\CLIRequest.php(70): CodeIgniter\HTTP\CLIRequest->parseCommand()
#2 D:\laragon\www\project-lara\ci4_pengaduan\vendor\codeigniter4\framework\system\Config\Services.php(133): CodeIgniter\HTTP\CLIRequest->__construct(Object(Config\App))
#3 D:\laragon\www\project-lara\ci4_pengaduan\vendor\codeigniter4\framework\system\Config\BaseService.php(263): CodeIgniter\Config\Services::clirequest(Object(Config\App), false)
#4 D:\laragon\www\project-lara\ci4_pengaduan\vendor\codeigniter4\framework\system\Config\BaseService.php(192): CodeIgniter\Config\BaseService::__callStatic('clirequest', Array)
#5 D:\laragon\www\project-lara\ci4_pengaduan\vendor\codeigniter4\framework\system\Config\Services.php(128): CodeIgniter\Config\BaseService::getSharedInstance('clirequest', Object(Config\App))
#6 D:\laragon\www\project-lara\ci4_pengaduan\vendor\codeigniter4\framework\system\Config\BaseService.php(263): CodeIgniter\Config\Services::clirequest(Object(Config\App))
#7 D:\laragon\www\project-lara\ci4_pengaduan\vendor\codeigniter4\framework\system\CodeIgniter.php(589): CodeIgniter\Config\BaseService::__callStatic('clirequest', Array)
#8 D:\laragon\www\project-lara\ci4_pengaduan\vendor\codeigniter4\framework\system\CodeIgniter.php(312): CodeIgniter\CodeIgniter->getRequestObject()
#9 D:\laragon\www\project-lara\ci4_pengaduan\vendor\codeigniter4\framework\system\CLI\Console.php(61): CodeIgniter\CodeIgniter->run()
#10 D:\laragon\www\project-lara\ci4_pengaduan\spark(66): CodeIgniter\CLI\Console->run()
#11 {main}
CRITICAL - 2023-05-23 21:29:28 --> Cannot declare class App\Controllers\Pengaduan, because the name is already in use
#0 [internal function]: CodeIgniter\Debug\Exceptions->shutdownHandler()
#1 {main}
CRITICAL - 2023-05-23 21:29:39 --> Cannot declare class App\Controllers\Pengaduan, because the name is already in use
#0 [internal function]: CodeIgniter\Debug\Exceptions->shutdownHandler()
#1 {main}
CRITICAL - 2023-05-23 21:29:40 --> Class "App\Controllers\KphModel" not found
#0 D:\laragon\www\project-lara\ci4_pengaduan\vendor\codeigniter4\framework\system\CodeIgniter.php(903): App\Controllers\KphController->__construct()
#1 D:\laragon\www\project-lara\ci4_pengaduan\vendor\codeigniter4\framework\system\CodeIgniter.php(429): CodeIgniter\CodeIgniter->createController()
#2 D:\laragon\www\project-lara\ci4_pengaduan\vendor\codeigniter4\framework\system\CodeIgniter.php(339): CodeIgniter\CodeIgniter->handleRequest(NULL, Object(Config\Cache), false)
#3 D:\laragon\www\project-lara\ci4_pengaduan\public\index.php(43): CodeIgniter\CodeIgniter->run()
#4 D:\laragon\www\project-lara\ci4_pengaduan\vendor\codeigniter4\framework\system\Commands\Server\rewrite.php(45): require_once('D:\\laragon\\www\\...')
#5 {main}
CRITICAL - 2023-05-23 21:29:44 --> Class "App\Controllers\KphModel" not found
#0 D:\laragon\www\project-lara\ci4_pengaduan\vendor\codeigniter4\framework\system\CodeIgniter.php(903): App\Controllers\KphController->__construct()
#1 D:\laragon\www\project-lara\ci4_pengaduan\vendor\codeigniter4\framework\system\CodeIgniter.php(429): CodeIgniter\CodeIgniter->createController()
#2 D:\laragon\www\project-lara\ci4_pengaduan\vendor\codeigniter4\framework\system\CodeIgniter.php(339): CodeIgniter\CodeIgniter->handleRequest(NULL, Object(Config\Cache), false)
#3 D:\laragon\www\project-lara\ci4_pengaduan\public\index.php(43): CodeIgniter\CodeIgniter->run()
#4 D:\laragon\www\project-lara\ci4_pengaduan\vendor\codeigniter4\framework\system\Commands\Server\rewrite.php(45): require_once('D:\\laragon\\www\\...')
#5 {main}
CRITICAL - 2023-05-23 21:30:00 --> Class "App\Controllers\KphModel" not found
#0 D:\laragon\www\project-lara\ci4_pengaduan\vendor\codeigniter4\framework\system\CodeIgniter.php(903): App\Controllers\KphController->__construct()
#1 D:\laragon\www\project-lara\ci4_pengaduan\vendor\codeigniter4\framework\system\CodeIgniter.php(429): CodeIgniter\CodeIgniter->createController()
#2 D:\laragon\www\project-lara\ci4_pengaduan\vendor\codeigniter4\framework\system\CodeIgniter.php(339): CodeIgniter\CodeIgniter->handleRequest(NULL, Object(Config\Cache), false)
#3 D:\laragon\www\project-lara\ci4_pengaduan\public\index.php(43): CodeIgniter\CodeIgniter->run()
#4 D:\laragon\www\project-lara\ci4_pengaduan\vendor\codeigniter4\framework\system\Commands\Server\rewrite.php(45): require_once('D:\\laragon\\www\\...')
#5 {main}
CRITICAL - 2023-05-23 21:30:01 --> Invalid file: kph/index.php
#0 D:\laragon\www\project-lara\ci4_pengaduan\vendor\codeigniter4\framework\system\View\View.php(213): CodeIgniter\Exceptions\FrameworkException::forInvalidFile('kph/index.php')
#1 D:\laragon\www\project-lara\ci4_pengaduan\vendor\codeigniter4\framework\system\Common.php(1250): CodeIgniter\View\View->render('kph/index', Array, true)
#2 D:\laragon\www\project-lara\ci4_pengaduan\app\Controllers\KphController.php(24): view('kph/index', Array)
#3 D:\laragon\www\project-lara\ci4_pengaduan\vendor\codeigniter4\framework\system\CodeIgniter.php(931): App\Controllers\KphController->index()
#4 D:\laragon\www\project-lara\ci4_pengaduan\vendor\codeigniter4\framework\system\CodeIgniter.php(439): CodeIgniter\CodeIgniter->runController(Object(App\Controllers\KphController))
#5 D:\laragon\www\project-lara\ci4_pengaduan\vendor\codeigniter4\framework\system\CodeIgniter.php(339): CodeIgniter\CodeIgniter->handleRequest(NULL, Object(Config\Cache), false)
#6 D:\laragon\www\project-lara\ci4_pengaduan\public\index.php(43): CodeIgniter\CodeIgniter->run()
#7 D:\laragon\www\project-lara\ci4_pengaduan\vendor\codeigniter4\framework\system\Commands\Server\rewrite.php(45): require_once('D:\\laragon\\www\\...')
#8 {main}
CRITICAL - 2023-05-23 22:16:32 -->  route cannot be found while reverse-routing.
#0 D:\laragon\www\project-lara\ci4_pengaduan\vendor\codeigniter4\framework\system\HTTP\RedirectResponse.php(64): CodeIgniter\HTTP\Exceptions\HTTPException::forInvalidRedirectRoute('')
#1 D:\laragon\www\project-lara\ci4_pengaduan\vendor\codeigniter4\framework\system\Common.php(951): CodeIgniter\HTTP\RedirectResponse->route(false)
#2 D:\laragon\www\project-lara\ci4_pengaduan\app\Controllers\Auth.php(19): redirect('/admin')
#3 D:\laragon\www\project-lara\ci4_pengaduan\vendor\codeigniter4\framework\system\CodeIgniter.php(931): App\Controllers\Auth->index()
#4 D:\laragon\www\project-lara\ci4_pengaduan\vendor\codeigniter4\framework\system\CodeIgniter.php(439): CodeIgniter\CodeIgniter->runController(Object(App\Controllers\Auth))
#5 D:\laragon\www\project-lara\ci4_pengaduan\vendor\codeigniter4\framework\system\CodeIgniter.php(339): CodeIgniter\CodeIgniter->handleRequest(NULL, Object(Config\Cache), false)
#6 D:\laragon\www\project-lara\ci4_pengaduan\public\index.php(43): CodeIgniter\CodeIgniter->run()
#7 D:\laragon\www\project-lara\ci4_pengaduan\vendor\codeigniter4\framework\system\Commands\Server\rewrite.php(45): require_once('D:\\laragon\\www\\...')
#8 {main}
CRITICAL - 2023-05-23 22:25:57 --> Invalid file: kph/input_getah.php
#0 D:\laragon\www\project-lara\ci4_pengaduan\vendor\codeigniter4\framework\system\View\View.php(213): CodeIgniter\Exceptions\FrameworkException::forInvalidFile('kph/input_getah...')
#1 D:\laragon\www\project-lara\ci4_pengaduan\vendor\codeigniter4\framework\system\Common.php(1250): CodeIgniter\View\View->render('kph/input_getah', Array, true)
#2 D:\laragon\www\project-lara\ci4_pengaduan\app\Controllers\KphController.php(33): view('kph/input_getah', Array)
#3 D:\laragon\www\project-lara\ci4_pengaduan\vendor\codeigniter4\framework\system\CodeIgniter.php(931): App\Controllers\KphController->tambah()
#4 D:\laragon\www\project-lara\ci4_pengaduan\vendor\codeigniter4\framework\system\CodeIgniter.php(439): CodeIgniter\CodeIgniter->runController(Object(App\Controllers\KphController))
#5 D:\laragon\www\project-lara\ci4_pengaduan\vendor\codeigniter4\framework\system\CodeIgniter.php(339): CodeIgniter\CodeIgniter->handleRequest(NULL, Object(Config\Cache), false)
#6 D:\laragon\www\project-lara\ci4_pengaduan\public\index.php(43): CodeIgniter\CodeIgniter->run()
#7 D:\laragon\www\project-lara\ci4_pengaduan\vendor\codeigniter4\framework\system\Commands\Server\rewrite.php(45): require_once('D:\\laragon\\www\\...')
#8 {main}
CRITICAL - 2023-05-23 22:27:41 --> Undefined variable $user
#0 D:\laragon\www\project-lara\ci4_pengaduan\app\Views\templates\topbar.php(16): CodeIgniter\Debug\Exceptions->errorHandler(2, 'Undefined varia...', 'D:\\laragon\\www\\...', 16)
#1 D:\laragon\www\project-lara\ci4_pengaduan\vendor\codeigniter4\framework\system\View\View.php(230): include('D:\\laragon\\www\\...')
#2 D:\laragon\www\project-lara\ci4_pengaduan\vendor\codeigniter4\framework\system\View\View.php(232): CodeIgniter\View\View->CodeIgniter\View\{closure}()
#3 D:\laragon\www\project-lara\ci4_pengaduan\vendor\codeigniter4\framework\system\View\View.php(487): CodeIgniter\View\View->render('templates/topba...', NULL, true)
#4 D:\laragon\www\project-lara\ci4_pengaduan\app\Views\templates\index.php(50): CodeIgniter\View\View->include('templates/topba...')
#5 D:\laragon\www\project-lara\ci4_pengaduan\vendor\codeigniter4\framework\system\View\View.php(230): include('D:\\laragon\\www\\...')
#6 D:\laragon\www\project-lara\ci4_pengaduan\vendor\codeigniter4\framework\system\View\View.php(232): CodeIgniter\View\View->CodeIgniter\View\{closure}()
#7 D:\laragon\www\project-lara\ci4_pengaduan\vendor\codeigniter4\framework\system\View\View.php(246): CodeIgniter\View\View->render('templates/index', Array, true)
#8 D:\laragon\www\project-lara\ci4_pengaduan\vendor\codeigniter4\framework\system\Common.php(1250): CodeIgniter\View\View->render('kph/input_getah', Array, true)
#9 D:\laragon\www\project-lara\ci4_pengaduan\app\Controllers\KphController.php(33): view('kph/input_getah', Array)
#10 D:\laragon\www\project-lara\ci4_pengaduan\vendor\codeigniter4\framework\system\CodeIgniter.php(931): App\Controllers\KphController->tambah()
#11 D:\laragon\www\project-lara\ci4_pengaduan\vendor\codeigniter4\framework\system\CodeIgniter.php(439): CodeIgniter\CodeIgniter->runController(Object(App\Controllers\KphController))
#12 D:\laragon\www\project-lara\ci4_pengaduan\vendor\codeigniter4\framework\system\CodeIgniter.php(339): CodeIgniter\CodeIgniter->handleRequest(NULL, Object(Config\Cache), false)
#13 D:\laragon\www\project-lara\ci4_pengaduan\public\index.php(43): CodeIgniter\CodeIgniter->run()
#14 D:\laragon\www\project-lara\ci4_pengaduan\vendor\codeigniter4\framework\system\Commands\Server\rewrite.php(45): require_once('D:\\laragon\\www\\...')
#15 {main}
CRITICAL - 2023-05-23 22:27:48 --> Undefined variable $user
#0 D:\laragon\www\project-lara\ci4_pengaduan\app\Views\templates\topbar.php(16): CodeIgniter\Debug\Exceptions->errorHandler(2, 'Undefined varia...', 'D:\\laragon\\www\\...', 16)
#1 D:\laragon\www\project-lara\ci4_pengaduan\vendor\codeigniter4\framework\system\View\View.php(230): include('D:\\laragon\\www\\...')
#2 D:\laragon\www\project-lara\ci4_pengaduan\vendor\codeigniter4\framework\system\View\View.php(232): CodeIgniter\View\View->CodeIgniter\View\{closure}()
#3 D:\laragon\www\project-lara\ci4_pengaduan\vendor\codeigniter4\framework\system\View\View.php(487): CodeIgniter\View\View->render('templates/topba...', NULL, true)
#4 D:\laragon\www\project-lara\ci4_pengaduan\app\Views\templates\index.php(50): CodeIgniter\View\View->include('templates/topba...')
#5 D:\laragon\www\project-lara\ci4_pengaduan\vendor\codeigniter4\framework\system\View\View.php(230): include('D:\\laragon\\www\\...')
#6 D:\laragon\www\project-lara\ci4_pengaduan\vendor\codeigniter4\framework\system\View\View.php(232): CodeIgniter\View\View->CodeIgniter\View\{closure}()
#7 D:\laragon\www\project-lara\ci4_pengaduan\vendor\codeigniter4\framework\system\View\View.php(246): CodeIgniter\View\View->render('templates/index', Array, true)
#8 D:\laragon\www\project-lara\ci4_pengaduan\vendor\codeigniter4\framework\system\Common.php(1250): CodeIgniter\View\View->render('kph/input_getah', Array, true)
#9 D:\laragon\www\project-lara\ci4_pengaduan\app\Controllers\KphController.php(33): view('kph/input_getah', Array)
#10 D:\laragon\www\project-lara\ci4_pengaduan\vendor\codeigniter4\framework\system\CodeIgniter.php(931): App\Controllers\KphController->tambah()
#11 D:\laragon\www\project-lara\ci4_pengaduan\vendor\codeigniter4\framework\system\CodeIgniter.php(439): CodeIgniter\CodeIgniter->runController(Object(App\Controllers\KphController))
#12 D:\laragon\www\project-lara\ci4_pengaduan\vendor\codeigniter4\framework\system\CodeIgniter.php(339): CodeIgniter\CodeIgniter->handleRequest(NULL, Object(Config\Cache), false)
#13 D:\laragon\www\project-lara\ci4_pengaduan\public\index.php(43): CodeIgniter\CodeIgniter->run()
#14 D:\laragon\www\project-lara\ci4_pengaduan\vendor\codeigniter4\framework\system\Commands\Server\rewrite.php(45): require_once('D:\\laragon\\www\\...')
#15 {main}
CRITICAL - 2023-05-23 22:27:49 --> Undefined variable $user
#0 D:\laragon\www\project-lara\ci4_pengaduan\app\Views\templates\topbar.php(16): CodeIgniter\Debug\Exceptions->errorHandler(2, 'Undefined varia...', 'D:\\laragon\\www\\...', 16)
#1 D:\laragon\www\project-lara\ci4_pengaduan\vendor\codeigniter4\framework\system\View\View.php(230): include('D:\\laragon\\www\\...')
#2 D:\laragon\www\project-lara\ci4_pengaduan\vendor\codeigniter4\framework\system\View\View.php(232): CodeIgniter\View\View->CodeIgniter\View\{closure}()
#3 D:\laragon\www\project-lara\ci4_pengaduan\vendor\codeigniter4\framework\system\View\View.php(487): CodeIgniter\View\View->render('templates/topba...', NULL, true)
#4 D:\laragon\www\project-lara\ci4_pengaduan\app\Views\templates\index.php(50): CodeIgniter\View\View->include('templates/topba...')
#5 D:\laragon\www\project-lara\ci4_pengaduan\vendor\codeigniter4\framework\system\View\View.php(230): include('D:\\laragon\\www\\...')
#6 D:\laragon\www\project-lara\ci4_pengaduan\vendor\codeigniter4\framework\system\View\View.php(232): CodeIgniter\View\View->CodeIgniter\View\{closure}()
#7 D:\laragon\www\project-lara\ci4_pengaduan\vendor\codeigniter4\framework\system\View\View.php(246): CodeIgniter\View\View->render('templates/index', Array, true)
#8 D:\laragon\www\project-lara\ci4_pengaduan\vendor\codeigniter4\framework\system\Common.php(1250): CodeIgniter\View\View->render('kph/input_getah', Array, true)
#9 D:\laragon\www\project-lara\ci4_pengaduan\app\Controllers\KphController.php(33): view('kph/input_getah', Array)
#10 D:\laragon\www\project-lara\ci4_pengaduan\vendor\codeigniter4\framework\system\CodeIgniter.php(931): App\Controllers\KphController->tambah()
#11 D:\laragon\www\project-lara\ci4_pengaduan\vendor\codeigniter4\framework\system\CodeIgniter.php(439): CodeIgniter\CodeIgniter->runController(Object(App\Controllers\KphController))
#12 D:\laragon\www\project-lara\ci4_pengaduan\vendor\codeigniter4\framework\system\CodeIgniter.php(339): CodeIgniter\CodeIgniter->handleRequest(NULL, Object(Config\Cache), false)
#13 D:\laragon\www\project-lara\ci4_pengaduan\public\index.php(43): CodeIgniter\CodeIgniter->run()
#14 D:\laragon\www\project-lara\ci4_pengaduan\vendor\codeigniter4\framework\system\Commands\Server\rewrite.php(45): require_once('D:\\laragon\\www\\...')
#15 {main}
CRITICAL - 2023-05-23 22:28:06 --> Undefined variable $user
#0 D:\laragon\www\project-lara\ci4_pengaduan\app\Views\templates\topbar.php(16): CodeIgniter\Debug\Exceptions->errorHandler(2, 'Undefined varia...', 'D:\\laragon\\www\\...', 16)
#1 D:\laragon\www\project-lara\ci4_pengaduan\vendor\codeigniter4\framework\system\View\View.php(230): include('D:\\laragon\\www\\...')
#2 D:\laragon\www\project-lara\ci4_pengaduan\vendor\codeigniter4\framework\system\View\View.php(232): CodeIgniter\View\View->CodeIgniter\View\{closure}()
#3 D:\laragon\www\project-lara\ci4_pengaduan\vendor\codeigniter4\framework\system\View\View.php(487): CodeIgniter\View\View->render('templates/topba...', NULL, true)
#4 D:\laragon\www\project-lara\ci4_pengaduan\app\Views\templates\index.php(50): CodeIgniter\View\View->include('templates/topba...')
#5 D:\laragon\www\project-lara\ci4_pengaduan\vendor\codeigniter4\framework\system\View\View.php(230): include('D:\\laragon\\www\\...')
#6 D:\laragon\www\project-lara\ci4_pengaduan\vendor\codeigniter4\framework\system\View\View.php(232): CodeIgniter\View\View->CodeIgniter\View\{closure}()
#7 D:\laragon\www\project-lara\ci4_pengaduan\vendor\codeigniter4\framework\system\View\View.php(246): CodeIgniter\View\View->render('templates/index', Array, true)
#8 D:\laragon\www\project-lara\ci4_pengaduan\vendor\codeigniter4\framework\system\Common.php(1250): CodeIgniter\View\View->render('kph/input_getah', Array, true)
#9 D:\laragon\www\project-lara\ci4_pengaduan\app\Controllers\KphController.php(33): view('kph/input_getah', Array)
#10 D:\laragon\www\project-lara\ci4_pengaduan\vendor\codeigniter4\framework\system\CodeIgniter.php(931): App\Controllers\KphController->tambah()
#11 D:\laragon\www\project-lara\ci4_pengaduan\vendor\codeigniter4\framework\system\CodeIgniter.php(439): CodeIgniter\CodeIgniter->runController(Object(App\Controllers\KphController))
#12 D:\laragon\www\project-lara\ci4_pengaduan\vendor\codeigniter4\framework\system\CodeIgniter.php(339): CodeIgniter\CodeIgniter->handleRequest(NULL, Object(Config\Cache), false)
#13 D:\laragon\www\project-lara\ci4_pengaduan\public\index.php(43): CodeIgniter\CodeIgniter->run()
#14 D:\laragon\www\project-lara\ci4_pengaduan\vendor\codeigniter4\framework\system\Commands\Server\rewrite.php(45): require_once('D:\\laragon\\www\\...')
#15 {main}
CRITICAL - 2023-05-23 22:28:07 --> Undefined variable $user
#0 D:\laragon\www\project-lara\ci4_pengaduan\app\Views\templates\topbar.php(16): CodeIgniter\Debug\Exceptions->errorHandler(2, 'Undefined varia...', 'D:\\laragon\\www\\...', 16)
#1 D:\laragon\www\project-lara\ci4_pengaduan\vendor\codeigniter4\framework\system\View\View.php(230): include('D:\\laragon\\www\\...')
#2 D:\laragon\www\project-lara\ci4_pengaduan\vendor\codeigniter4\framework\system\View\View.php(232): CodeIgniter\View\View->CodeIgniter\View\{closure}()
#3 D:\laragon\www\project-lara\ci4_pengaduan\vendor\codeigniter4\framework\system\View\View.php(487): CodeIgniter\View\View->render('templates/topba...', NULL, true)
#4 D:\laragon\www\project-lara\ci4_pengaduan\app\Views\templates\index.php(50): CodeIgniter\View\View->include('templates/topba...')
#5 D:\laragon\www\project-lara\ci4_pengaduan\vendor\codeigniter4\framework\system\View\View.php(230): include('D:\\laragon\\www\\...')
#6 D:\laragon\www\project-lara\ci4_pengaduan\vendor\codeigniter4\framework\system\View\View.php(232): CodeIgniter\View\View->CodeIgniter\View\{closure}()
#7 D:\laragon\www\project-lara\ci4_pengaduan\vendor\codeigniter4\framework\system\View\View.php(246): CodeIgniter\View\View->render('templates/index', Array, true)
#8 D:\laragon\www\project-lara\ci4_pengaduan\vendor\codeigniter4\framework\system\Common.php(1250): CodeIgniter\View\View->render('kph/input_getah', Array, true)
#9 D:\laragon\www\project-lara\ci4_pengaduan\app\Controllers\KphController.php(33): view('kph/input_getah', Array)
#10 D:\laragon\www\project-lara\ci4_pengaduan\vendor\codeigniter4\framework\system\CodeIgniter.php(931): App\Controllers\KphController->tambah()
#11 D:\laragon\www\project-lara\ci4_pengaduan\vendor\codeigniter4\framework\system\CodeIgniter.php(439): CodeIgniter\CodeIgniter->runController(Object(App\Controllers\KphController))
#12 D:\laragon\www\project-lara\ci4_pengaduan\vendor\codeigniter4\framework\system\CodeIgniter.php(339): CodeIgniter\CodeIgniter->handleRequest(NULL, Object(Config\Cache), false)
#13 D:\laragon\www\project-lara\ci4_pengaduan\public\index.php(43): CodeIgniter\CodeIgniter->run()
#14 D:\laragon\www\project-lara\ci4_pengaduan\vendor\codeigniter4\framework\system\Commands\Server\rewrite.php(45): require_once('D:\\laragon\\www\\...')
#15 {main}
